# JRE version: OpenJDK Runtime Environment Temurin-17.0.6+10 (17.0.6+10) (build 17.0.6+10)
# Java VM: OpenJDK 64-Bit Server VM Temurin-17.0.6+10 (17.0.6+10, mixed mode, tiered, compressed oops, compressed class ptrs, g1 gc, linux-amd64)
GC Precious Log:
 CPUs: 16 total, 16 available
 Memory: 15960M
 Large Page Support: Disabled
 NUMA Support: Disabled
 Compressed Oops: Enabled (32-bit)
 Heap Region Size: 1M
 Heap Min Capacity: 64M
 Heap Initial Capacity: 64M
 Heap Max Capacity: 1G
 Pre-touch: Disabled
 Parallel Workers: 13
 Concurrent Workers: 3
 Concurrent Refinement Workers: 13
 Periodic GC: Disabled
Heap:
 garbage-first heap   total 222208K, used 112126K [0x00000000c0000000, 0x0000000100000000)
  region size 1024K, 52 young (53248K), 13 survivors (13312K)
 Metaspace       used 92133K, committed 94016K, reserved 1138688K
  class space    used 11027K, committed 11840K, reserved 1048576K
GC Heap History (20 events):
Event: 2358.190 GC heap before
{Heap before GC invocations=40 (full 0):
 garbage-first heap   total 222208K, used 161599K [0x00000000c0000000, 0x0000000100000000)
  region size 1024K, 103 young (105472K), 2 survivors (2048K)
 Metaspace       used 89895K, committed 91648K, reserved 1130496K
  class space    used 10789K, committed 11520K, reserved 1048576K
}
Event: 2358.196 GC heap after
{Heap after GC invocations=41 (full 0):
 garbage-first heap   total 222208K, used 68483K [0x00000000c0000000, 0x0000000100000000)
  region size 1024K, 12 young (12288K), 12 survivors (12288K)
 Metaspace       used 89895K, committed 91648K, reserved 1130496K
  class space    used 10789K, committed 11520K, reserved 1048576K
}
Event: 2420.968 GC heap before
{Heap before GC invocations=42 (full 0):
 garbage-first heap   total 222208K, used 163715K [0x00000000c0000000, 0x0000000100000000)
  region size 1024K, 105 young (107520K), 12 survivors (12288K)
 Metaspace       used 90054K, committed 91904K, reserved 1130496K
  class space    used 10789K, committed 11520K, reserved 1048576K
}
Event: 2420.976 GC heap after
{Heap after GC invocations=43 (full 0):
 garbage-first heap   total 222208K, used 69271K [0x00000000c0000000, 0x0000000100000000)
  region size 1024K, 13 young (13312K), 13 survivors (13312K)
 Metaspace       used 90054K, committed 91904K, reserved 1130496K
  class space    used 10789K, committed 11520K, reserved 1048576K
}
Event: 2420.977 GC heap before
{Heap before GC invocations=43 (full 0):
 garbage-first heap   total 222208K, used 70295K [0x00000000c0000000, 0x0000000100000000)
  region size 1024K, 14 young (14336K), 13 survivors (13312K)
 Metaspace       used 90054K, committed 91904K, reserved 1130496K
  class space    used 10789K, committed 11520K, reserved 1048576K
}
Event: 2420.982 GC heap after
{Heap after GC invocations=44 (full 0):
 garbage-first heap   total 222208K, used 64305K [0x00000000c0000000, 0x0000000100000000)
  region size 1024K, 1 young (1024K), 1 survivors (1024K)
 Metaspace       used 90054K, committed 91904K, reserved 1130496K
  class space    used 10789K, committed 11520K, reserved 1048576K
}
Event: 2458.049 GC heap before
{Heap before GC invocations=44 (full 0):
 garbage-first heap   total 222208K, used 161585K [0x00000000c0000000, 0x0000000100000000)
  region size 1024K, 96 young (98304K), 1 survivors (1024K)
 Metaspace       used 90105K, committed 91968K, reserved 1130496K
  class space    used 10792K, committed 11584K, reserved 1048576K
}
Event: 2458.059 GC heap after
{Heap after GC invocations=45 (full 0):
 garbage-first heap   total 222208K, used 86392K [0x00000000c0000000, 0x0000000100000000)
  region size 1024K, 12 young (12288K), 12 survivors (12288K)
 Metaspace       used 90105K, committed 91968K, reserved 1130496K
  class space    used 10792K, committed 11584K, reserved 1048576K
}
Event: 2582.765 GC heap before
{Heap before GC invocations=46 (full 0):
 garbage-first heap   total 222208K, used 162168K [0x00000000c0000000, 0x0000000100000000)
  region size 1024K, 86 young (88064K), 12 survivors (12288K)
 Metaspace       used 90236K, committed 92096K, reserved 1130496K
  class space    used 10804K, committed 11584K, reserved 1048576K
}
Event: 2582.774 GC heap after
{Heap after GC invocations=47 (full 0):
 garbage-first heap   total 222208K, used 88890K [0x00000000c0000000, 0x0000000100000000)
  region size 1024K, 11 young (11264K), 11 survivors (11264K)
 Metaspace       used 90236K, committed 92096K, reserved 1130496K
  class space    used 10804K, committed 11584K, reserved 1048576K
}
Event: 2582.781 GC heap before
{Heap before GC invocations=47 (full 0):
 garbage-first heap   total 222208K, used 89914K [0x00000000c0000000, 0x0000000100000000)
  region size 1024K, 12 young (12288K), 11 survivors (11264K)
 Metaspace       used 90238K, committed 92096K, reserved 1130496K
  class space    used 10804K, committed 11584K, reserved 1048576K
}
Event: 2582.784 GC heap after
{Heap after GC invocations=48 (full 0):
 garbage-first heap   total 222208K, used 74806K [0x00000000c0000000, 0x0000000100000000)
  region size 1024K, 2 young (2048K), 2 survivors (2048K)
 Metaspace       used 90238K, committed 92096K, reserved 1130496K
  class space    used 10804K, committed 11584K, reserved 1048576K
}
Event: 2736.349 GC heap before
{Heap before GC invocations=48 (full 0):
 garbage-first heap   total 222208K, used 157750K [0x00000000c0000000, 0x0000000100000000)
  region size 1024K, 84 young (86016K), 2 survivors (2048K)
 Metaspace       used 90371K, committed 92224K, reserved 1130496K
  class space    used 10814K, committed 11584K, reserved 1048576K
}
Event: 2736.355 GC heap after
{Heap after GC invocations=49 (full 0):
 garbage-first heap   total 222208K, used 83429K [0x00000000c0000000, 0x0000000100000000)
  region size 1024K, 10 young (10240K), 10 survivors (10240K)
 Metaspace       used 90371K, committed 92224K, reserved 1130496K
  class space    used 10814K, committed 11584K, reserved 1048576K
}
Event: 2751.707 GC heap before
{Heap before GC invocations=50 (full 0):
 garbage-first heap   total 222208K, used 152037K [0x00000000c0000000, 0x0000000100000000)
  region size 1024K, 88 young (90112K), 10 survivors (10240K)
 Metaspace       used 90447K, committed 92224K, reserved 1130496K
  class space    used 10814K, committed 11584K, reserved 1048576K
}
Event: 2751.713 GC heap after
{Heap after GC invocations=51 (full 0):
 garbage-first heap   total 222208K, used 70899K [0x00000000c0000000, 0x0000000100000000)
  region size 1024K, 9 young (9216K), 9 survivors (9216K)
 Metaspace       used 90447K, committed 92224K, reserved 1130496K
  class space    used 10814K, committed 11584K, reserved 1048576K
}
Event: 2752.090 GC heap before
{Heap before GC invocations=51 (full 0):
 garbage-first heap   total 222208K, used 71923K [0x00000000c0000000, 0x0000000100000000)
  region size 1024K, 10 young (10240K), 9 survivors (9216K)
 Metaspace       used 90447K, committed 92224K, reserved 1130496K
  class space    used 10814K, committed 11584K, reserved 1048576K
}
Event: 2752.093 GC heap after
{Heap after GC invocations=52 (full 0):
 garbage-first heap   total 222208K, used 60439K [0x00000000c0000000, 0x0000000100000000)
  region size 1024K, 2 young (2048K), 2 survivors (2048K)
 Metaspace       used 90447K, committed 92224K, reserved 1130496K
  class space    used 10814K, committed 11584K, reserved 1048576K
}
Event: 2787.676 GC heap before
{Heap before GC invocations=52 (full 0):
 garbage-first heap   total 222208K, used 159767K [0x00000000c0000000, 0x0000000100000000)
  region size 1024K, 99 young (101376K), 2 survivors (2048K)
 Metaspace       used 90683K, committed 92544K, reserved 1130496K
  class space    used 10842K, committed 11648K, reserved 1048576K
}
Event: 2787.683 GC heap after
{Heap after GC invocations=53 (full 0):
 garbage-first heap   total 222208K, used 73214K [0x00000000c0000000, 0x0000000100000000)
  region size 1024K, 13 young (13312K), 13 survivors (13312K)
 Metaspace       used 90683K, committed 92544K, reserved 1130496K
  class space    used 10842K, committed 11648K, reserved 1048576K
}

